<?xml version="1.0" encoding="UTF-8"?>
<!-- Generated by org.testng.reporters.JUnitXMLReporter -->
<testsuite ignored="0" hostname="DESKTOP-02BK2UT" failures="1" tests="8" name="Test" time="10.375" errors="0" timestamp="2024-06-11T12:41:52 IST">
  <testcase classname="qa.Test.HomePageTest" name="getTitle" time="0.044"/>
  <testcase classname="qa.Test.HomePageTest" name="clickTable" time="0.971"/>
  <testcase classname="qa.Test.TableSortPageTest" name="getTItleTableSort" time="0.026">
    <skipped/>
  </testcase> <!-- getTItleTableSort -->
  <testcase classname="qa.Test.TableSortPageTest" name="getTItleTableSort" time="0.016">
    <failure type="java.lang.AssertionError" message="expected [Selenium Easy - Tabel Sort and Search De] but found [Selenium Easy - Tabel Sort and Search Demo]">
      <![CDATA[java.lang.AssertionError: expected [Selenium Easy - Tabel Sort and Search De] but found [Selenium Easy - Tabel Sort and Search Demo]
at qa.Test.TableSortPageTest.getTItleTableSort(TableSortPageTest.java:36)
at java.base/java.util.ArrayList.forEach(ArrayList.java:1596)
... Removed 31 stack frames]]>
    </failure>
  </testcase> <!-- getTItleTableSort -->
  <testcase classname="qa.Test.TableSortPageTest" name="searchText" time="0.128"/>
  <testcase classname="qa.Test.TableSortPageTest" name="chechList" time="0.771"/>
  <testcase classname="qa.Test.TableSortPageTest" name="sorting" time="0.65"/>
  <testcase classname="qa.Test.TableSortPageTest" name="Pagination" time="0.89"/>
</testsuite> <!-- Test -->
