<?xml version="1.0" encoding="UTF-8"?>
<testng-results retried="1" ignored="1" total="9" passed="6" failed="1" skipped="0">
  <reporter-output>
  </reporter-output>
  <suite started-at="2024-06-11T12:41:41 IST" name="Suite" finished-at="2024-06-11T12:41:51 IST" duration-ms="10375">
    <groups>
    </groups>
    <test started-at="2024-06-11T12:41:41 IST" name="Test" finished-at="2024-06-11T12:41:51 IST" duration-ms="10375">
      <class name="qa.Test.TableSortPageTest">
        <test-method is-config="true" signature="initializa()[pri:0, instance:qa.Test.TableSortPageTest@35beb15e]" started-at="2024-06-11T12:41:48 IST" name="initializa" finished-at="2024-06-11T12:41:48 IST" duration-ms="9" status="PASS">
          <reporter-output>
          </reporter-output>
        </test-method> <!-- initializa -->
        <test-method retried="true" signature="getTItleTableSort()[pri:3, instance:qa.Test.TableSortPageTest@35beb15e]" started-at="2024-06-11T12:41:48 IST" name="getTItleTableSort" finished-at="2024-06-11T12:41:48 IST" duration-ms="26" status="SKIP">
          <exception class="java.lang.AssertionError">
            <message>
              <![CDATA[expected [Selenium Easy - Tabel Sort and Search De] but found [Selenium Easy - Tabel Sort and Search Demo]]]>
            </message>
            <full-stacktrace>
              <![CDATA[java.lang.AssertionError: expected [Selenium Easy - Tabel Sort and Search De] but found [Selenium Easy - Tabel Sort and Search Demo]
at org.testng.Assert.fail(Assert.java:111)
at org.testng.Assert.failNotEquals(Assert.java:1578)
at org.testng.Assert.assertEqualsImpl(Assert.java:150)
at org.testng.Assert.assertEquals(Assert.java:132)
at org.testng.Assert.assertEquals(Assert.java:656)
at org.testng.Assert.assertEquals(Assert.java:666)
at qa.Test.TableSortPageTest.getTItleTableSort(TableSortPageTest.java:36)
at java.base/jdk.internal.reflect.DirectMethodHandleAccessor.invoke(DirectMethodHandleAccessor.java:103)
at java.base/java.lang.reflect.Method.invoke(Method.java:580)
at org.testng.internal.invokers.MethodInvocationHelper.invokeMethod(MethodInvocationHelper.java:141)
at org.testng.internal.invokers.TestInvoker.invokeMethod(TestInvoker.java:686)
at org.testng.internal.invokers.TestInvoker.invokeTestMethod(TestInvoker.java:230)
at org.testng.internal.invokers.MethodRunner.runInSequence(MethodRunner.java:63)
at org.testng.internal.invokers.TestInvoker$MethodInvocationAgent.invoke(TestInvoker.java:992)
at org.testng.internal.invokers.TestInvoker.invokeTestMethods(TestInvoker.java:203)
at org.testng.internal.invokers.TestMethodWorker.invokeTestMethods(TestMethodWorker.java:154)
at org.testng.internal.invokers.TestMethodWorker.run(TestMethodWorker.java:134)
at java.base/java.util.ArrayList.forEach(ArrayList.java:1596)
at org.testng.TestRunner.privateRun(TestRunner.java:739)
at org.testng.TestRunner.run(TestRunner.java:614)
at org.testng.SuiteRunner.runTest(SuiteRunner.java:421)
at org.testng.SuiteRunner.runSequentially(SuiteRunner.java:413)
at org.testng.SuiteRunner.privateRun(SuiteRunner.java:373)
at org.testng.SuiteRunner.run(SuiteRunner.java:312)
at org.testng.SuiteRunnerWorker.runSuite(SuiteRunnerWorker.java:52)
at org.testng.SuiteRunnerWorker.run(SuiteRunnerWorker.java:95)
at org.testng.TestNG.runSuitesSequentially(TestNG.java:1274)
at org.testng.TestNG.runSuitesLocally(TestNG.java:1208)
at org.testng.TestNG.runSuites(TestNG.java:1112)
at org.testng.TestNG.run(TestNG.java:1079)
at org.testng.remote.AbstractRemoteTestNG.run(AbstractRemoteTestNG.java:115)
at org.testng.remote.RemoteTestNG.initAndRun(RemoteTestNG.java:293)
at org.testng.remote.RemoteTestNG.main(RemoteTestNG.java:91)
]]>
            </full-stacktrace>
          </exception> <!-- java.lang.AssertionError -->
          <reporter-output>
          </reporter-output>
        </test-method> <!-- getTItleTableSort -->
        <test-method signature="getTItleTableSort()[pri:3, instance:qa.Test.TableSortPageTest@35beb15e]" started-at="2024-06-11T12:41:48 IST" name="getTItleTableSort" finished-at="2024-06-11T12:41:48 IST" duration-ms="16" status="FAIL">
          <exception class="java.lang.AssertionError">
            <message>
              <![CDATA[expected [Selenium Easy - Tabel Sort and Search De] but found [Selenium Easy - Tabel Sort and Search Demo]]]>
            </message>
            <full-stacktrace>
              <![CDATA[java.lang.AssertionError: expected [Selenium Easy - Tabel Sort and Search De] but found [Selenium Easy - Tabel Sort and Search Demo]
at org.testng.Assert.fail(Assert.java:111)
at org.testng.Assert.failNotEquals(Assert.java:1578)
at org.testng.Assert.assertEqualsImpl(Assert.java:150)
at org.testng.Assert.assertEquals(Assert.java:132)
at org.testng.Assert.assertEquals(Assert.java:656)
at org.testng.Assert.assertEquals(Assert.java:666)
at qa.Test.TableSortPageTest.getTItleTableSort(TableSortPageTest.java:36)
at java.base/jdk.internal.reflect.DirectMethodHandleAccessor.invoke(DirectMethodHandleAccessor.java:103)
at java.base/java.lang.reflect.Method.invoke(Method.java:580)
at org.testng.internal.invokers.MethodInvocationHelper.invokeMethod(MethodInvocationHelper.java:141)
at org.testng.internal.invokers.TestInvoker.invokeMethod(TestInvoker.java:686)
at org.testng.internal.invokers.TestInvoker.retryFailed(TestInvoker.java:269)
at org.testng.internal.invokers.MethodRunner.runInSequence(MethodRunner.java:76)
at org.testng.internal.invokers.TestInvoker$MethodInvocationAgent.invoke(TestInvoker.java:992)
at org.testng.internal.invokers.TestInvoker.invokeTestMethods(TestInvoker.java:203)
at org.testng.internal.invokers.TestMethodWorker.invokeTestMethods(TestMethodWorker.java:154)
at org.testng.internal.invokers.TestMethodWorker.run(TestMethodWorker.java:134)
at java.base/java.util.ArrayList.forEach(ArrayList.java:1596)
at org.testng.TestRunner.privateRun(TestRunner.java:739)
at org.testng.TestRunner.run(TestRunner.java:614)
at org.testng.SuiteRunner.runTest(SuiteRunner.java:421)
at org.testng.SuiteRunner.runSequentially(SuiteRunner.java:413)
at org.testng.SuiteRunner.privateRun(SuiteRunner.java:373)
at org.testng.SuiteRunner.run(SuiteRunner.java:312)
at org.testng.SuiteRunnerWorker.runSuite(SuiteRunnerWorker.java:52)
at org.testng.SuiteRunnerWorker.run(SuiteRunnerWorker.java:95)
at org.testng.TestNG.runSuitesSequentially(TestNG.java:1274)
at org.testng.TestNG.runSuitesLocally(TestNG.java:1208)
at org.testng.TestNG.runSuites(TestNG.java:1112)
at org.testng.TestNG.run(TestNG.java:1079)
at org.testng.remote.AbstractRemoteTestNG.run(AbstractRemoteTestNG.java:115)
at org.testng.remote.RemoteTestNG.initAndRun(RemoteTestNG.java:293)
at org.testng.remote.RemoteTestNG.main(RemoteTestNG.java:91)
]]>
            </full-stacktrace>
          </exception> <!-- java.lang.AssertionError -->
          <reporter-output>
          </reporter-output>
        </test-method> <!-- getTItleTableSort -->
        <test-method signature="searchText(java.lang.String)[pri:4, instance:qa.Test.TableSortPageTest@35beb15e]" started-at="2024-06-11T12:41:49 IST" name="searchText" data-provider="getData" finished-at="2024-06-11T12:41:49 IST" duration-ms="128" status="PASS">
          <params>
            <param index="0">
              <value>
                <![CDATA[S]]>
              </value>
            </param>
          </params>
          <reporter-output>
          </reporter-output>
        </test-method> <!-- searchText -->
        <test-method signature="chechList(java.lang.String)[pri:5, instance:qa.Test.TableSortPageTest@35beb15e]" started-at="2024-06-11T12:41:49 IST" name="chechList" data-provider="getData" finished-at="2024-06-11T12:41:50 IST" duration-ms="771" status="PASS">
          <params>
            <param index="0">
              <value>
                <![CDATA[S]]>
              </value>
            </param>
          </params>
          <reporter-output>
          </reporter-output>
        </test-method> <!-- chechList -->
        <test-method signature="sorting()[pri:6, instance:qa.Test.TableSortPageTest@35beb15e]" started-at="2024-06-11T12:41:50 IST" name="sorting" finished-at="2024-06-11T12:41:50 IST" duration-ms="650" status="PASS">
          <reporter-output>
          </reporter-output>
        </test-method> <!-- sorting -->
        <test-method signature="Pagination()[pri:0, instance:qa.Test.TableSortPageTest@35beb15e]" started-at="2024-06-11T12:41:50 IST" name="Pagination" finished-at="2024-06-11T12:41:51 IST" depends-on-methods="qa.Test.TableSortPageTest.sorting" duration-ms="890" status="PASS">
          <reporter-output>
          </reporter-output>
        </test-method> <!-- Pagination -->
      </class> <!-- qa.Test.TableSortPageTest -->
      <class name="qa.Test.HomePageTest">
        <test-method is-config="true" signature="setUp()[pri:0, instance:qa.Test.HomePageTest@6ffab045]" started-at="2024-06-11T12:41:41 IST" name="setUp" finished-at="2024-06-11T12:41:47 IST" duration-ms="6411" status="PASS">
          <reporter-output>
          </reporter-output>
        </test-method> <!-- setUp -->
        <test-method signature="getTitle()[pri:1, instance:qa.Test.HomePageTest@6ffab045]" started-at="2024-06-11T12:41:47 IST" name="getTitle" finished-at="2024-06-11T12:41:47 IST" duration-ms="44" status="PASS">
          <reporter-output>
          </reporter-output>
        </test-method> <!-- getTitle -->
        <test-method signature="clickTable()[pri:2, instance:qa.Test.HomePageTest@6ffab045]" started-at="2024-06-11T12:41:47 IST" name="clickTable" finished-at="2024-06-11T12:41:48 IST" duration-ms="971" status="PASS">
          <reporter-output>
          </reporter-output>
        </test-method> <!-- clickTable -->
      </class> <!-- qa.Test.HomePageTest -->
    </test> <!-- Test -->
  </suite> <!-- Suite -->
</testng-results>
